Determining if the pthread_create exist failed with the following output:
Change Dir: /home/BBB/software/TwitchPlaysPokemonMonitor/build/CMakeFiles/CMakeTmp

Run Build Command:/usr/bin/make "cmTryCompileExec2413887997/fast"
/usr/bin/make -f CMakeFiles/cmTryCompileExec2413887997.dir/build.make CMakeFiles/cmTryCompileExec2413887997.dir/build
make[1]: Entering directory `/home/BBB/software/TwitchPlaysPokemonMonitor/build/CMakeFiles/CMakeTmp'
/usr/bin/cmake -E cmake_progress_report /home/BBB/software/TwitchPlaysPokemonMonitor/build/CMakeFiles/CMakeTmp/CMakeFiles 1
Building C object CMakeFiles/cmTryCompileExec2413887997.dir/CheckSymbolExists.c.o
/usr/bin/gcc    -o CMakeFiles/cmTryCompileExec2413887997.dir/CheckSymbolExists.c.o   -c /home/BBB/software/TwitchPlaysPokemonMonitor/build/CMakeFiles/CMakeTmp/CheckSymbolExists.c
Linking C executable cmTryCompileExec2413887997
/usr/bin/cmake -E cmake_link_script CMakeFiles/cmTryCompileExec2413887997.dir/link.txt --verbose=1
/usr/bin/gcc         CMakeFiles/cmTryCompileExec2413887997.dir/CheckSymbolExists.c.o  -o cmTryCompileExec2413887997 -rdynamic 
CMakeFiles/cmTryCompileExec2413887997.dir/CheckSymbolExists.c.o: In function `main':
CheckSymbolExists.c:(.text+0x10): undefined reference to `pthread_create'
CheckSymbolExists.c:(.text+0x14): undefined reference to `pthread_create'
collect2: ld returned 1 exit status
make[1]: Leaving directory `/home/BBB/software/TwitchPlaysPokemonMonitor/build/CMakeFiles/CMakeTmp'
make[1]: *** [cmTryCompileExec2413887997] Error 1
make: *** [cmTryCompileExec2413887997/fast] Error 2

File /home/BBB/software/TwitchPlaysPokemonMonitor/build/CMakeFiles/CMakeTmp/CheckSymbolExists.c:
/* */
#include <pthread.h>

int main(int argc, char** argv)
{
  (void)argv;
#ifndef pthread_create
  return ((int*)(&pthread_create))[argc];
#else
  (void)argc;
  return 0;
#endif
}

Determining if the function pthread_create exists in the pthreads failed with the following output:
Change Dir: /home/BBB/software/TwitchPlaysPokemonMonitor/build/CMakeFiles/CMakeTmp

Run Build Command:/usr/bin/make "cmTryCompileExec1300509664/fast"
/usr/bin/make -f CMakeFiles/cmTryCompileExec1300509664.dir/build.make CMakeFiles/cmTryCompileExec1300509664.dir/build
make[1]: Entering directory `/home/BBB/software/TwitchPlaysPokemonMonitor/build/CMakeFiles/CMakeTmp'
/usr/bin/cmake -E cmake_progress_report /home/BBB/software/TwitchPlaysPokemonMonitor/build/CMakeFiles/CMakeTmp/CMakeFiles 1
Building C object CMakeFiles/cmTryCompileExec1300509664.dir/CheckFunctionExists.c.o
/usr/bin/gcc   -DCHECK_FUNCTION_EXISTS=pthread_create   -o CMakeFiles/cmTryCompileExec1300509664.dir/CheckFunctionExists.c.o   -c /usr/share/cmake-2.8/Modules/CheckFunctionExists.c
Linking C executable cmTryCompileExec1300509664
/usr/bin/cmake -E cmake_link_script CMakeFiles/cmTryCompileExec1300509664.dir/link.txt --verbose=1
/usr/bin/gcc     -DCHECK_FUNCTION_EXISTS=pthread_create    CMakeFiles/cmTryCompileExec1300509664.dir/CheckFunctionExists.c.o  -o cmTryCompileExec1300509664 -rdynamic -lpthreads 
/usr/bin/ld: cannot find -lpthreads
collect2: ld returned 1 exit status
make[1]: Leaving directory `/home/BBB/software/TwitchPlaysPokemonMonitor/build/CMakeFiles/CMakeTmp'
make[1]: *** [cmTryCompileExec1300509664] Error 1
make: *** [cmTryCompileExec1300509664/fast] Error 2


